<?xml version="1.0" encoding="UTF-8"?>
<!-- Generated by org.testng.reporters.JUnitXMLReporter -->
<testsuite hostname="Admin-PC" ignored="0" name="Default test" tests="3" failures="0" timestamp="16 Apr 2019 18:38:06 GMT" time="45.891" errors="0">
  <testcase name="verifycontactpagelabeltest" time="0.231" classname="Com.crm.qa.test.Dealspagetest"/>
  <testcase name="clickondealspage" time="6.07" classname="Com.crm.qa.test.Dealspagetest"/>
  <testcase name="clickondealspage" time="6.968" classname="Com.crm.qa.test.Dealspagetest"/>
</testsuite> <!-- Default test -->
