<?xml version="1.0" encoding="UTF-8"?>
<testng-results skipped="0" failed="0" ignored="0" total="3" passed="3">
  <reporter-output>
  </reporter-output>
  <suite name="Default suite" duration-ms="45891" started-at="2019-04-16T18:37:21Z" finished-at="2019-04-16T18:38:06Z">
    <groups>
    </groups>
    <test name="Default test" duration-ms="45891" started-at="2019-04-16T18:37:21Z" finished-at="2019-04-16T18:38:06Z">
      <class name="Com.crm.qa.test.Dealspagetest">
        <test-method status="PASS" signature="setup()[pri:0, instance:Com.crm.qa.test.Dealspagetest@e45f292]" name="setup" is-config="true" duration-ms="30734" started-at="2019-04-16T18:37:21Z" finished-at="2019-04-16T18:37:51Z">
          <reporter-output>
          </reporter-output>
        </test-method> <!-- setup -->
        <test-method status="PASS" signature="verifycontactpagelabeltest()[pri:1, instance:Com.crm.qa.test.Dealspagetest@e45f292]" name="verifycontactpagelabeltest" duration-ms="231" started-at="2019-04-16T18:37:51Z" finished-at="2019-04-16T18:37:52Z">
          <reporter-output>
          </reporter-output>
        </test-method> <!-- verifycontactpagelabeltest -->
        <test-method status="PASS" signature="clickondealspage(java.lang.String, java.lang.String, java.lang.String, java.lang.String)[pri:2, instance:Com.crm.qa.test.Dealspagetest@e45f292]" name="clickondealspage" duration-ms="6070" started-at="2019-04-16T18:37:53Z" data-provider="getcrmtestdata" finished-at="2019-04-16T18:37:59Z">
          <params>
            <param index="0">
              <value>
                <![CDATA[Mr.]]>
              </value>
            </param>
            <param index="1">
              <value>
                <![CDATA[sam]]>
              </value>
            </param>
            <param index="2">
              <value>
                <![CDATA[lee]]>
              </value>
            </param>
            <param index="3">
              <value>
                <![CDATA[100.0]]>
              </value>
            </param>
          </params>
          <reporter-output>
          </reporter-output>
        </test-method> <!-- clickondealspage -->
        <test-method status="PASS" signature="clickondealspage(java.lang.String, java.lang.String, java.lang.String, java.lang.String)[pri:2, instance:Com.crm.qa.test.Dealspagetest@e45f292]" name="clickondealspage" duration-ms="6968" started-at="2019-04-16T18:37:59Z" data-provider="getcrmtestdata" finished-at="2019-04-16T18:38:06Z">
          <params>
            <param index="0">
              <value>
                <![CDATA[Dr.]]>
              </value>
            </param>
            <param index="1">
              <value>
                <![CDATA[tina]]>
              </value>
            </param>
            <param index="2">
              <value>
                <![CDATA[brown]]>
              </value>
            </param>
            <param index="3">
              <value>
                <![CDATA[200.0]]>
              </value>
            </param>
          </params>
          <reporter-output>
          </reporter-output>
        </test-method> <!-- clickondealspage -->
        <test-method status="PASS" signature="quit()[pri:0, instance:Com.crm.qa.test.Dealspagetest@e45f292]" name="quit" is-config="true" duration-ms="271" started-at="2019-04-16T18:38:06Z" finished-at="2019-04-16T18:38:06Z">
          <reporter-output>
          </reporter-output>
        </test-method> <!-- quit -->
      </class> <!-- Com.crm.qa.test.Dealspagetest -->
    </test> <!-- Default test -->
  </suite> <!-- Default suite -->
</testng-results>
